2013-11-04 08:42:07.195 HelloWorld[53467:a0b] Multi-tasking -> Device: YES, App: YES
2013-11-04 08:42:07.518 HelloWorld[53467:a0b] Resetting plugins due to page load.
2013-11-04 08:42:08.123 HelloWorld[53467:a0b] Finished load of: file:///Users/driftyadmin/Library/Application%20Support/iPhone%20Simulator/7.0/Applications/2B757848-92A6-4113-BE7D-9B3E6B8EF157/HelloWorld.app/www/index.html
2013-11-04 08:43:33.107 HelloWorld[53840:a0b] Multi-tasking -> Device: YES, App: YES
2013-11-04 08:43:33.228 HelloWorld[53840:a0b] Resetting plugins due to page load.
2013-11-04 08:43:33.821 HelloWorld[53840:a0b] Finished load of: file:///Users/driftyadmin/Library/Application%20Support/iPhone%20Simulator/7.0/Applications/2B757848-92A6-4113-BE7D-9B3E6B8EF157/HelloWorld.app/www/index.html
2013-11-04 08:45:02.181 HelloWorld[53840:a0b] Resetting plugins due to page load.
2013-11-04 08:45:02.424 HelloWorld[53840:a0b] Finished load of: file:///Users/driftyadmin/Library/Application%20Support/iPhone%20Simulator/7.0/Applications/2B757848-92A6-4113-BE7D-9B3E6B8EF157/HelloWorld.app/www/index.html
2013-11-04 08:45:11.529 HelloWorld[53840:a0b] Resetting plugins due to page load.
2013-11-04 08:45:11.649 HelloWorld[53840:a0b] Finished load of: file:///Users/driftyadmin/Library/Application%20Support/iPhone%20Simulator/7.0/Applications/2B757848-92A6-4113-BE7D-9B3E6B8EF157/HelloWorld.app/www/index.html
2013-11-04 09:07:47.883 HelloWorld[54320:a0b] Multi-tasking -> Device: YES, App: YES
2013-11-04 09:07:48.009 HelloWorld[54320:a0b] Resetting plugins due to page load.
2013-11-04 09:07:48.628 HelloWorld[54320:a0b] Finished load of: file:///Users/driftyadmin/Library/Application%20Support/iPhone%20Simulator/7.0/Applications/2B757848-92A6-4113-BE7D-9B3E6B8EF157/HelloWorld.app/www/index.html
2013-11-04 09:08:08.589 HelloWorld[54686:a0b] Multi-tasking -> Device: YES, App: YES
2013-11-04 09:08:08.700 HelloWorld[54686:a0b] Resetting plugins due to page load.
2013-11-04 09:08:09.211 HelloWorld[54686:a0b] Finished load of: file:///Users/driftyadmin/Library/Application%20Support/iPhone%20Simulator/7.0/Applications/2B757848-92A6-4113-BE7D-9B3E6B8EF157/HelloWorld.app/www/index.html
2013-11-04 09:10:57.273 HelloWorld[54686:a0b] Received memory warning.
2013-11-09 14:14:51.035 HelloWorld[1951:a0b] Multi-tasking -> Device: YES, App: YES
2013-11-09 14:14:51.280 HelloWorld[1951:a0b] Resetting plugins due to page load.
2013-11-09 14:15:42.372 HelloWorld[1951:4103] void SendDelegateMessage(NSInvocation *): delegate (webView:runJavaScriptTextInputPanelWithPrompt:defaultText:initiatedByFrame:) failed to return after waiting 10 seconds. main run loop mode: kCFRunLoopDefaultMode
2013-11-09 14:15:42.415 HelloWorld[1951:a0b] Finished load of: file:///Users/driftyadmin/Library/Application%20Support/iPhone%20Simulator/7.0/Applications/2B757848-92A6-4113-BE7D-9B3E6B8EF157/HelloWorld.app/www/index.html
2013-11-09 14:15:48.415 HelloWorld[1951:a0b] down
2013-11-09 14:15:48.415 HelloWorld[1951:a0b] down
2013-11-09 14:15:48.430 HelloWorld[1951:a0b] down
2013-11-09 14:15:48.430 HelloWorld[1951:a0b] down
2013-11-09 14:15:48.447 HelloWorld[1951:a0b] down
2013-11-09 14:15:48.447 HelloWorld[1951:a0b] down
2013-11-09 14:15:48.464 HelloWorld[1951:a0b] down
2013-11-09 14:15:48.464 HelloWorld[1951:a0b] down
2013-11-09 14:15:48.480 HelloWorld[1951:a0b] down
2013-11-09 14:15:48.480 HelloWorld[1951:a0b] down
2013-11-11 16:52:34.003 HelloWorld[1951:a0b] Received memory warning.
